CRITICAL - 2023-09-26 00:40:59 --> Undefined variable $routes
in APPPATH\Config\Routing.php on line 114.
 1 APPPATH\Config\Routing.php(114): CodeIgniter\Debug\Exceptions->errorHandler(2, 'Undefined variable $routes', 'C:\\xampp\\htdocs\\framework-4.4.1\\app\\Config\\Routing.php', 114)
 2 SYSTEMPATH\Autoloader\Autoloader.php(306): include_once('C:\\xampp\\htdocs\\framework-4.4.1\\app\\Config\\Routing.php')
 3 SYSTEMPATH\Autoloader\Autoloader.php(285): CodeIgniter\Autoloader\Autoloader->includeFile('C:\\xampp\\htdocs\\framework-4.4.1\\app\\Config\\Routing.php')
 4 SYSTEMPATH\Autoloader\Autoloader.php(263): CodeIgniter\Autoloader\Autoloader->loadInNamespace('Config\\Routing')
 5 [internal function]: CodeIgniter\Autoloader\Autoloader->loadClass('Config\\Routing')
 6 SYSTEMPATH\Config\Factories.php(277): class_exists('Config\\Routing')
 7 SYSTEMPATH\Config\Factories.php(196): CodeIgniter\Config\Factories::locateClass([...], 'Config\\Routing')
 8 SYSTEMPATH\Config\Factories.php(155): CodeIgniter\Config\Factories::getDefinedInstance([...], 'Config\\Routing', [])
 9 SYSTEMPATH\Common.php(217): CodeIgniter\Config\Factories::__callStatic('config', [])
10 SYSTEMPATH\Config\Services.php(617): config('Config\\Routing')
11 SYSTEMPATH\Config\BaseService.php(258): CodeIgniter\Config\Services::routes(false)
12 SYSTEMPATH\Config\BaseService.php(199): CodeIgniter\Config\BaseService::__callStatic('routes', [...])
13 SYSTEMPATH\Config\Services.php(614): CodeIgniter\Config\BaseService::getSharedInstance('routes')
14 SYSTEMPATH\Config\BaseService.php(258): CodeIgniter\Config\Services::routes()
15 SYSTEMPATH\CodeIgniter.php(787): CodeIgniter\Config\BaseService::__callStatic('routes', [])
16 SYSTEMPATH\CodeIgniter.php(442): CodeIgniter\CodeIgniter->tryToRouteIt(null)
17 SYSTEMPATH\CodeIgniter.php(353): CodeIgniter\CodeIgniter->handleRequest(null, Object(Config\Cache), false)
18 FCPATH\index.php(79): CodeIgniter\CodeIgniter->run()
CRITICAL - 2023-09-26 00:41:07 --> Undefined variable $routes
in APPPATH\Config\Routing.php on line 114.
 1 APPPATH\Config\Routing.php(114): CodeIgniter\Debug\Exceptions->errorHandler(2, 'Undefined variable $routes', 'C:\\xampp\\htdocs\\framework-4.4.1\\app\\Config\\Routing.php', 114)
 2 SYSTEMPATH\Autoloader\Autoloader.php(306): include_once('C:\\xampp\\htdocs\\framework-4.4.1\\app\\Config\\Routing.php')
 3 SYSTEMPATH\Autoloader\Autoloader.php(285): CodeIgniter\Autoloader\Autoloader->includeFile('C:\\xampp\\htdocs\\framework-4.4.1\\app\\Config\\Routing.php')
 4 SYSTEMPATH\Autoloader\Autoloader.php(263): CodeIgniter\Autoloader\Autoloader->loadInNamespace('Config\\Routing')
 5 [internal function]: CodeIgniter\Autoloader\Autoloader->loadClass('Config\\Routing')
 6 SYSTEMPATH\Config\Factories.php(277): class_exists('Config\\Routing')
 7 SYSTEMPATH\Config\Factories.php(196): CodeIgniter\Config\Factories::locateClass([...], 'Config\\Routing')
 8 SYSTEMPATH\Config\Factories.php(155): CodeIgniter\Config\Factories::getDefinedInstance([...], 'Config\\Routing', [])
 9 SYSTEMPATH\Common.php(217): CodeIgniter\Config\Factories::__callStatic('config', [])
10 SYSTEMPATH\Config\Services.php(617): config('Config\\Routing')
11 SYSTEMPATH\Config\BaseService.php(258): CodeIgniter\Config\Services::routes(false)
12 SYSTEMPATH\Config\BaseService.php(199): CodeIgniter\Config\BaseService::__callStatic('routes', [...])
13 SYSTEMPATH\Config\Services.php(614): CodeIgniter\Config\BaseService::getSharedInstance('routes')
14 SYSTEMPATH\Config\BaseService.php(258): CodeIgniter\Config\Services::routes()
15 SYSTEMPATH\CodeIgniter.php(787): CodeIgniter\Config\BaseService::__callStatic('routes', [])
16 SYSTEMPATH\CodeIgniter.php(442): CodeIgniter\CodeIgniter->tryToRouteIt(null)
17 SYSTEMPATH\CodeIgniter.php(353): CodeIgniter\CodeIgniter->handleRequest(null, Object(Config\Cache), false)
18 FCPATH\index.php(79): CodeIgniter\CodeIgniter->run()
CRITICAL - 2023-09-26 00:41:10 --> Undefined variable $routes
in APPPATH\Config\Routing.php on line 114.
 1 APPPATH\Config\Routing.php(114): CodeIgniter\Debug\Exceptions->errorHandler(2, 'Undefined variable $routes', 'C:\\xampp\\htdocs\\framework-4.4.1\\app\\Config\\Routing.php', 114)
 2 SYSTEMPATH\Autoloader\Autoloader.php(306): include_once('C:\\xampp\\htdocs\\framework-4.4.1\\app\\Config\\Routing.php')
 3 SYSTEMPATH\Autoloader\Autoloader.php(285): CodeIgniter\Autoloader\Autoloader->includeFile('C:\\xampp\\htdocs\\framework-4.4.1\\app\\Config\\Routing.php')
 4 SYSTEMPATH\Autoloader\Autoloader.php(263): CodeIgniter\Autoloader\Autoloader->loadInNamespace('Config\\Routing')
 5 [internal function]: CodeIgniter\Autoloader\Autoloader->loadClass('Config\\Routing')
 6 SYSTEMPATH\Config\Factories.php(277): class_exists('Config\\Routing')
 7 SYSTEMPATH\Config\Factories.php(196): CodeIgniter\Config\Factories::locateClass([...], 'Config\\Routing')
 8 SYSTEMPATH\Config\Factories.php(155): CodeIgniter\Config\Factories::getDefinedInstance([...], 'Config\\Routing', [])
 9 SYSTEMPATH\Common.php(217): CodeIgniter\Config\Factories::__callStatic('config', [])
10 SYSTEMPATH\Config\Services.php(617): config('Config\\Routing')
11 SYSTEMPATH\Config\BaseService.php(258): CodeIgniter\Config\Services::routes(false)
12 SYSTEMPATH\Config\BaseService.php(199): CodeIgniter\Config\BaseService::__callStatic('routes', [...])
13 SYSTEMPATH\Config\Services.php(614): CodeIgniter\Config\BaseService::getSharedInstance('routes')
14 SYSTEMPATH\Config\BaseService.php(258): CodeIgniter\Config\Services::routes()
15 SYSTEMPATH\CodeIgniter.php(787): CodeIgniter\Config\BaseService::__callStatic('routes', [])
16 SYSTEMPATH\CodeIgniter.php(442): CodeIgniter\CodeIgniter->tryToRouteIt(null)
17 SYSTEMPATH\CodeIgniter.php(353): CodeIgniter\CodeIgniter->handleRequest(null, Object(Config\Cache), false)
18 FCPATH\index.php(79): CodeIgniter\CodeIgniter->run()
CRITICAL - 2023-09-26 00:41:10 --> Undefined variable $routes
in APPPATH\Config\Routing.php on line 114.
 1 APPPATH\Config\Routing.php(114): CodeIgniter\Debug\Exceptions->errorHandler(2, 'Undefined variable $routes', 'C:\\xampp\\htdocs\\framework-4.4.1\\app\\Config\\Routing.php', 114)
 2 SYSTEMPATH\Autoloader\Autoloader.php(306): include_once('C:\\xampp\\htdocs\\framework-4.4.1\\app\\Config\\Routing.php')
 3 SYSTEMPATH\Autoloader\Autoloader.php(285): CodeIgniter\Autoloader\Autoloader->includeFile('C:\\xampp\\htdocs\\framework-4.4.1\\app\\Config\\Routing.php')
 4 SYSTEMPATH\Autoloader\Autoloader.php(263): CodeIgniter\Autoloader\Autoloader->loadInNamespace('Config\\Routing')
 5 [internal function]: CodeIgniter\Autoloader\Autoloader->loadClass('Config\\Routing')
 6 SYSTEMPATH\Config\Factories.php(277): class_exists('Config\\Routing')
 7 SYSTEMPATH\Config\Factories.php(196): CodeIgniter\Config\Factories::locateClass([...], 'Config\\Routing')
 8 SYSTEMPATH\Config\Factories.php(155): CodeIgniter\Config\Factories::getDefinedInstance([...], 'Config\\Routing', [])
 9 SYSTEMPATH\Common.php(217): CodeIgniter\Config\Factories::__callStatic('config', [])
10 SYSTEMPATH\Config\Services.php(617): config('Config\\Routing')
11 SYSTEMPATH\Config\BaseService.php(258): CodeIgniter\Config\Services::routes(false)
12 SYSTEMPATH\Config\BaseService.php(199): CodeIgniter\Config\BaseService::__callStatic('routes', [...])
13 SYSTEMPATH\Config\Services.php(614): CodeIgniter\Config\BaseService::getSharedInstance('routes')
14 SYSTEMPATH\Config\BaseService.php(258): CodeIgniter\Config\Services::routes()
15 SYSTEMPATH\CodeIgniter.php(787): CodeIgniter\Config\BaseService::__callStatic('routes', [])
16 SYSTEMPATH\CodeIgniter.php(442): CodeIgniter\CodeIgniter->tryToRouteIt(null)
17 SYSTEMPATH\CodeIgniter.php(353): CodeIgniter\CodeIgniter->handleRequest(null, Object(Config\Cache), false)
18 FCPATH\index.php(79): CodeIgniter\CodeIgniter->run()
CRITICAL - 2023-09-26 01:21:55 --> Call to undefined function form_open()
in APPPATH\Views\news\edit.php on line 4.
 1 SYSTEMPATH\View\View.php(226): include()
 2 SYSTEMPATH\View\View.php(229): CodeIgniter\View\View->CodeIgniter\View\{closure}()
 3 SYSTEMPATH\Common.php(1188): CodeIgniter\View\View->render('news/edit', [], true)
 4 APPPATH\Controllers\News.php(47): view('news/edit', [...])
 5 SYSTEMPATH\CodeIgniter.php(919): App\Controllers\News->edit('1')
 6 SYSTEMPATH\CodeIgniter.php(494): CodeIgniter\CodeIgniter->runController(Object(App\Controllers\News))
 7 SYSTEMPATH\CodeIgniter.php(353): CodeIgniter\CodeIgniter->handleRequest(null, Object(Config\Cache), false)
 8 FCPATH\index.php(79): CodeIgniter\CodeIgniter->run()
CRITICAL - 2023-09-26 01:22:02 --> Call to undefined function form_open()
in APPPATH\Views\news\edit.php on line 4.
 1 SYSTEMPATH\View\View.php(226): include()
 2 SYSTEMPATH\View\View.php(229): CodeIgniter\View\View->CodeIgniter\View\{closure}()
 3 SYSTEMPATH\Common.php(1188): CodeIgniter\View\View->render('news/edit', [], true)
 4 APPPATH\Controllers\News.php(47): view('news/edit', [...])
 5 SYSTEMPATH\CodeIgniter.php(919): App\Controllers\News->edit('1')
 6 SYSTEMPATH\CodeIgniter.php(494): CodeIgniter\CodeIgniter->runController(Object(App\Controllers\News))
 7 SYSTEMPATH\CodeIgniter.php(353): CodeIgniter\CodeIgniter->handleRequest(null, Object(Config\Cache), false)
 8 FCPATH\index.php(79): CodeIgniter\CodeIgniter->run()
CRITICAL - 2023-09-26 01:22:06 --> Call to undefined function form_open()
in APPPATH\Views\news\create.php on line 4.
 1 SYSTEMPATH\View\View.php(226): include()
 2 SYSTEMPATH\View\View.php(229): CodeIgniter\View\View->CodeIgniter\View\{closure}()
 3 SYSTEMPATH\Common.php(1188): CodeIgniter\View\View->render('news/create', [], true)
 4 APPPATH\Controllers\News.php(23): view('news/create')
 5 SYSTEMPATH\CodeIgniter.php(919): App\Controllers\News->create()
 6 SYSTEMPATH\CodeIgniter.php(494): CodeIgniter\CodeIgniter->runController(Object(App\Controllers\News))
 7 SYSTEMPATH\CodeIgniter.php(353): CodeIgniter\CodeIgniter->handleRequest(null, Object(Config\Cache), false)
 8 FCPATH\index.php(79): CodeIgniter\CodeIgniter->run()
CRITICAL - 2023-09-26 01:22:08 --> Call to undefined function form_open()
in APPPATH\Views\news\create.php on line 4.
 1 SYSTEMPATH\View\View.php(226): include()
 2 SYSTEMPATH\View\View.php(229): CodeIgniter\View\View->CodeIgniter\View\{closure}()
 3 SYSTEMPATH\Common.php(1188): CodeIgniter\View\View->render('news/create', [], true)
 4 APPPATH\Controllers\News.php(23): view('news/create')
 5 SYSTEMPATH\CodeIgniter.php(919): App\Controllers\News->create()
 6 SYSTEMPATH\CodeIgniter.php(494): CodeIgniter\CodeIgniter->runController(Object(App\Controllers\News))
 7 SYSTEMPATH\CodeIgniter.php(353): CodeIgniter\CodeIgniter->handleRequest(null, Object(Config\Cache), false)
 8 FCPATH\index.php(79): CodeIgniter\CodeIgniter->run()
CRITICAL - 2023-09-26 01:22:28 --> Call to undefined function form_open()
in APPPATH\Views\news\create.php on line 4.
 1 SYSTEMPATH\View\View.php(226): include()
 2 SYSTEMPATH\View\View.php(229): CodeIgniter\View\View->CodeIgniter\View\{closure}()
 3 SYSTEMPATH\Common.php(1188): CodeIgniter\View\View->render('news/create', [], true)
 4 APPPATH\Controllers\News.php(23): view('news/create')
 5 SYSTEMPATH\CodeIgniter.php(919): App\Controllers\News->create()
 6 SYSTEMPATH\CodeIgniter.php(494): CodeIgniter\CodeIgniter->runController(Object(App\Controllers\News))
 7 SYSTEMPATH\CodeIgniter.php(353): CodeIgniter\CodeIgniter->handleRequest(null, Object(Config\Cache), false)
 8 FCPATH\index.php(79): CodeIgniter\CodeIgniter->run()
CRITICAL - 2023-09-26 01:24:25 --> Call to undefined function form_open()
in APPPATH\Views\news\create.php on line 4.
 1 SYSTEMPATH\View\View.php(226): include()
 2 SYSTEMPATH\View\View.php(229): CodeIgniter\View\View->CodeIgniter\View\{closure}()
 3 SYSTEMPATH\Common.php(1188): CodeIgniter\View\View->render('news/create', [], true)
 4 APPPATH\Controllers\News.php(23): view('news/create')
 5 SYSTEMPATH\CodeIgniter.php(919): App\Controllers\News->create()
 6 SYSTEMPATH\CodeIgniter.php(494): CodeIgniter\CodeIgniter->runController(Object(App\Controllers\News))
 7 SYSTEMPATH\CodeIgniter.php(353): CodeIgniter\CodeIgniter->handleRequest(null, Object(Config\Cache), false)
 8 FCPATH\index.php(79): CodeIgniter\CodeIgniter->run()
